<?xml version="1.0" encoding="UTF-8"?>
<testsuite xmlns:xsi="http://www.w3.org/2001/XMLSchema-instance" xsi:noNamespaceSchemaLocation="https://maven.apache.org/surefire/maven-surefire-plugin/xsd/surefire-test-report.xsd" name="it.unibz.inf.be.AuctionTest" time="0.209" tests="4" errors="0" skipped="0" failures="0">
  <properties>
    <property name="sun.desktop" value="windows"/>
    <property name="awt.toolkit" value="sun.awt.windows.WToolkit"/>
    <property name="file.encoding.pkg" value="sun.io"/>
    <property name="java.specification.version" value="1.8"/>
    <property name="sun.cpu.isalist" value="amd64"/>
    <property name="sun.jnu.encoding" value="Cp1252"/>
    <property name="java.class.path" value="C:\Users\manuel\Dropbox\UNIBZ\ToolsTechniquesST\dsmp\Eclipse\target\test-classes;C:\Users\manuel\Dropbox\UNIBZ\ToolsTechniquesST\dsmp\Eclipse\target\classes;C:\Users\manuel\.m2\repository\org\junit\jupiter\junit-jupiter-api\5.4.2\junit-jupiter-api-5.4.2.jar;C:\Users\manuel\.m2\repository\org\apiguardian\apiguardian-api\1.0.0\apiguardian-api-1.0.0.jar;C:\Users\manuel\.m2\repository\org\opentest4j\opentest4j\1.1.1\opentest4j-1.1.1.jar;C:\Users\manuel\.m2\repository\org\junit\platform\junit-platform-commons\1.4.2\junit-platform-commons-1.4.2.jar;C:\Users\manuel\.m2\repository\org\junit\jupiter\junit-jupiter-engine\5.4.2\junit-jupiter-engine-5.4.2.jar;C:\Users\manuel\.m2\repository\org\junit\platform\junit-platform-engine\1.4.2\junit-platform-engine-1.4.2.jar;C:\Users\manuel\.m2\repository\org\junit\jupiter\junit-jupiter-params\5.4.2\junit-jupiter-params-5.4.2.jar;C:\Users\manuel\.m2\repository\org\junit\platform\junit-platform-launcher\1.2.0\junit-platform-launcher-1.2.0.jar;"/>
    <property name="java.vm.vendor" value="Oracle Corporation"/>
    <property name="sun.arch.data.model" value="64"/>
    <property name="user.variant" value=""/>
    <property name="java.vendor.url" value="http://java.oracle.com/"/>
    <property name="user.timezone" value="Europe/Berlin"/>
    <property name="java.vm.specification.version" value="1.8"/>
    <property name="os.name" value="Windows 10"/>
    <property name="user.country" value="GB"/>
    <property name="sun.java.launcher" value="SUN_STANDARD"/>
    <property name="sun.boot.library.path" value="C:\Program Files\Java\jre1.8.0_231\bin"/>
    <property name="sun.java.command" value="C:\Users\manuel\AppData\Local\Temp\surefire7862074563153222805\surefirebooter1089140475976577863.jar C:\Users\manuel\AppData\Local\Temp\surefire7862074563153222805 2019-11-06T11-10-15_999-jvmRun1 surefire3511980572935626230tmp surefire_06371488562763135026tmp"/>
    <property name="surefire.test.class.path" value="C:\Users\manuel\Dropbox\UNIBZ\ToolsTechniquesST\dsmp\Eclipse\target\test-classes;C:\Users\manuel\Dropbox\UNIBZ\ToolsTechniquesST\dsmp\Eclipse\target\classes;C:\Users\manuel\.m2\repository\org\junit\jupiter\junit-jupiter-api\5.4.2\junit-jupiter-api-5.4.2.jar;C:\Users\manuel\.m2\repository\org\apiguardian\apiguardian-api\1.0.0\apiguardian-api-1.0.0.jar;C:\Users\manuel\.m2\repository\org\opentest4j\opentest4j\1.1.1\opentest4j-1.1.1.jar;C:\Users\manuel\.m2\repository\org\junit\platform\junit-platform-commons\1.4.2\junit-platform-commons-1.4.2.jar;C:\Users\manuel\.m2\repository\org\junit\jupiter\junit-jupiter-engine\5.4.2\junit-jupiter-engine-5.4.2.jar;C:\Users\manuel\.m2\repository\org\junit\platform\junit-platform-engine\1.4.2\junit-platform-engine-1.4.2.jar;C:\Users\manuel\.m2\repository\org\junit\jupiter\junit-jupiter-params\5.4.2\junit-jupiter-params-5.4.2.jar;C:\Users\manuel\.m2\repository\org\junit\platform\junit-platform-launcher\1.2.0\junit-platform-launcher-1.2.0.jar;"/>
    <property name="sun.cpu.endian" value="little"/>
    <property name="user.home" value="C:\Users\manuel"/>
    <property name="user.language" value="en"/>
    <property name="java.specification.vendor" value="Oracle Corporation"/>
    <property name="java.home" value="C:\Program Files\Java\jre1.8.0_231"/>
    <property name="basedir" value="C:\Users\manuel\Dropbox\UNIBZ\ToolsTechniquesST\dsmp\Eclipse"/>
    <property name="file.separator" value="\"/>
    <property name="line.separator" value="&#10;"/>
    <property name="java.vm.specification.vendor" value="Oracle Corporation"/>
    <property name="java.specification.name" value="Java Platform API Specification"/>
    <property name="java.awt.graphicsenv" value="sun.awt.Win32GraphicsEnvironment"/>
    <property name="surefire.real.class.path" value="C:\Users\manuel\AppData\Local\Temp\surefire7862074563153222805\surefirebooter1089140475976577863.jar"/>
    <property name="sun.boot.class.path" value="C:\Program Files\Java\jre1.8.0_231\lib\resources.jar;C:\Program Files\Java\jre1.8.0_231\lib\rt.jar;C:\Program Files\Java\jre1.8.0_231\lib\sunrsasign.jar;C:\Program Files\Java\jre1.8.0_231\lib\jsse.jar;C:\Program Files\Java\jre1.8.0_231\lib\jce.jar;C:\Program Files\Java\jre1.8.0_231\lib\charsets.jar;C:\Program Files\Java\jre1.8.0_231\lib\jfr.jar;C:\Program Files\Java\jre1.8.0_231\classes"/>
    <property name="user.script" value=""/>
    <property name="sun.management.compiler" value="HotSpot 64-Bit Tiered Compilers"/>
    <property name="java.runtime.version" value="1.8.0_231-b11"/>
    <property name="user.name" value="manuel"/>
    <property name="path.separator" value=";"/>
    <property name="os.version" value="10.0"/>
    <property name="java.endorsed.dirs" value="C:\Program Files\Java\jre1.8.0_231\lib\endorsed"/>
    <property name="java.runtime.name" value="Java(TM) SE Runtime Environment"/>
    <property name="file.encoding" value="Cp1252"/>
    <property name="java.vm.name" value="Java HotSpot(TM) 64-Bit Server VM"/>
    <property name="localRepository" value="C:\Users\manuel\.m2\repository"/>
    <property name="java.vendor.url.bug" value="http://bugreport.sun.com/bugreport/"/>
    <property name="java.io.tmpdir" value="C:\Users\manuel\AppData\Local\Temp\"/>
    <property name="java.version" value="1.8.0_231"/>
    <property name="user.dir" value="C:\Users\manuel\Dropbox\UNIBZ\ToolsTechniquesST\dsmp\Eclipse"/>
    <property name="os.arch" value="amd64"/>
    <property name="java.vm.specification.name" value="Java Virtual Machine Specification"/>
    <property name="java.awt.printerjob" value="sun.awt.windows.WPrinterJob"/>
    <property name="sun.os.patch.level" value=""/>
    <property name="java.library.path" value="C:\Program Files\Java\jre1.8.0_231\bin;C:\WINDOWS\Sun\Java\bin;C:\WINDOWS\system32;C:\WINDOWS;C:/Program Files/Java/jre1.8.0_231/bin/server;C:/Program Files/Java/jre1.8.0_231/bin;C:/Program Files/Java/jre1.8.0_231/lib/amd64;C:\Program Files (x86)\Common Files\Oracle\Java\javapath;C:\ProgramData\DockerDesktop\version-bin;C:\Program Files\Docker\Docker\Resources\bin;C:\WINDOWS\system32;C:\WINDOWS;C:\WINDOWS\System32\Wbem;C:\WINDOWS\System32\WindowsPowerShell\v1.0\;C:\WINDOWS\System32\OpenSSH\;C:\Users\manuel\AppData\Local\Microsoft\WindowsApps;C:\Users\manuel\AppData\Local\Programs\Microsoft VS Code\bin;C:\Program Files\Java\jdk1.8.0_231\bin;;C:\WINDOWS\System32;;."/>
    <property name="java.vm.info" value="mixed mode"/>
    <property name="java.vendor" value="Oracle Corporation"/>
    <property name="java.vm.version" value="25.231-b11"/>
    <property name="java.ext.dirs" value="C:\Program Files\Java\jre1.8.0_231\lib\ext;C:\WINDOWS\Sun\Java\lib\ext"/>
    <property name="sun.io.unicode.encoding" value="UnicodeLittle"/>
    <property name="java.class.version" value="52.0"/>
  </properties>
  <testcase name="testEqualsFalse{int, int, Timestamp, Timestamp, int}[1]" classname="it.unibz.inf.be.AuctionTest" time="0.069"/>
  <testcase name="testEqualsFalse{int, int, Timestamp, Timestamp, int}[2]" classname="it.unibz.inf.be.AuctionTest" time="0.003"/>
  <testcase name="testEqualsTrue{int, int, Timestamp, Timestamp, int}[1]" classname="it.unibz.inf.be.AuctionTest" time="0.002"/>
  <testcase name="testEqualsTrue{int, int, Timestamp, Timestamp, int}[2]" classname="it.unibz.inf.be.AuctionTest" time="0.001"/>
</testsuite>